<?xml version="1.0" encoding="UTF-8"?>
<testng-results ignored="0" total="1" passed="1" failed="0" skipped="0">
  <reporter-output>
  </reporter-output>
  <suite started-at="2023-10-17T23:39:53 IST" name="Surefire suite" finished-at="2023-10-17T23:39:54 IST" duration-ms="1105">
    <groups>
    </groups>
    <test started-at="2023-10-17T23:39:53 IST" name="Surefire test" finished-at="2023-10-17T23:39:54 IST" duration-ms="1105">
      <class name="com.HapiFhir.fhirTestProject.TestHelloWorld">
        <test-method signature="test()[pri:0, instance:com.HapiFhir.fhirTestProject.TestHelloWorld@179ece50]" started-at="2023-10-17T23:39:53 IST" name="test" finished-at="2023-10-17T23:39:54 IST" duration-ms="1070" status="PASS">
          <reporter-output>
          </reporter-output>
        </test-method> <!-- test -->
      </class> <!-- com.HapiFhir.fhirTestProject.TestHelloWorld -->
    </test> <!-- Surefire test -->
  </suite> <!-- Surefire suite -->
</testng-results>
