<?xml version="1.0" encoding="UTF-8"?>
<testsuite xmlns:xsi="http://www.w3.org/2001/XMLSchema-instance" xsi:noNamespaceSchemaLocation="https://maven.apache.org/surefire/maven-surefire-plugin/xsd/surefire-test-report-3.0.xsd" version="3.0" name="TestSuite" time="1.546" tests="2" errors="0" skipped="0" failures="0">
  <properties>
[...]
</properties>
  <testcase name="test" classname="com.HapiFhir.fhirTestProject.TestHelloWorld" time="1.074">
    <system-out><![CDATA[Could not parse this birthdate when creating the bundle:19091997
{
  "resourceType": "Bundle",
  "meta": {
    "profile": [ "https://dhamani.om/dhamani-fs/StructureDefinition/bundle|1.0.0" ]
  },
  "entry": [ {
    "fullUrl": "http://muscat-hospital.com/Patient/b06a6737-4829-4322-be85-5f9897e42b70",
    "resource": {
      "resourceType": "Patient",
      "id": "b06a6737-4829-4322-be85-5f9897e42b70",
      "meta": {
        "profile": [ "https://dhamani.om/dhamani-fs/StructureDefinition/patient|1.0.0" ]
      },
      "identifier": [ {
        "type": {
          "coding": [ {
            "system": "urn:iso:std:iso:3166",
            "code": "EGY"
          } ]
        },
        "system": "http://Dhamani.om/identifier/nationalid",
        "value": "TestCivilID101"
      } ],
      "name": [ {
        "use": "official",
        "family": "Patri",
        "given": [ "Sagar" ],
        "prefix": [ "B.Tech" ],
        "_prefix": [ {
          "extension": [ {
            "url": "http://hl7.org/fhir/StructureDefinition/iso21090-EN-qualifier",
            "valueCode": "AC"
          } ]
        } ]
      } ],
      "address": [ {
        "type": "both",
        "line": [ "ITPL 2-3-5" ],
        "_line": [ {
          "extension": [ {
            "url": "http://hl7.org/fhir/StructureDefinition/iso21090-ADXP-streetName",
            "valueString": "ITPL"
          }, {
            "url": "http://hl7.org/fhir/StructureDefinition/iso21090-ADXP-houseNumber",
            "valueString": "2-3-5"
          } ]
        } ],
        "city": "Bengaluru",
        "postalCode": "532312",
        "country": "Oman"
      } ]
    }
  } ]
}
]]></system-out>
    <system-err><![CDATA[SLF4J: Failed to load class "org.slf4j.impl.StaticLoggerBinder".
SLF4J: Defaulting to no-operation (NOP) logger implementation
SLF4J: See http://www.slf4j.org/codes.html#StaticLoggerBinder for further details.
]]></system-err>
  </testcase>
  <testcase name="testApp on testApp(com.HapiFhir.fhirTestProject.AppTest)" classname="com.HapiFhir.fhirTestProject.AppTest" time="1.223"/>
</testsuite>